{"level":"warn","message":"¡Alerta!"}
{"level":"info","message":"¡Información!"}
{"level":"error","message":"¡Error!"}
{"level":"fatal","message":"¡Fatal!"}
{"level":"error","message":"No está autorizado para realizar esta acción."}
{"level":"error","message":"errorsDict is not defined"}
{"level":"error","message":"No está autorizado para realizar esta acción."}
{"level":"error","message":"No se encontró los datos solicitados."}
{"level":"error","message":"No está autorizado para realizar esta acción."}
{"level":"error","message":"No se encontró los datos solicitados."}
{"level":"error","message":"No se encontró los datos solicitados."}
{"level":"error","message":"No se encontró los datos solicitados."}
{"level":"error","message":"No se encontró los datos solicitados."}
{"level":"error","message":"No se encontró los datos solicitados."}
{"level":"error","message":"No se encontró los datos solicitados."}
{"level":"error","message":"No se encontró los datos solicitados."}
{"level":"error","message":"No se encontró los datos solicitados."}
{"level":"error","message":"No se encontró los datos solicitados."}
{"level":"error","message":"No se encontró los datos solicitados."}
{"level":"error","message":"No se encontró los datos solicitados."}
{"level":"error","message":"No se encontró los datos solicitados."}
{"level":"error","message":"No se encontró los datos solicitados."}
{"level":"error","message":"No se encontró los datos solicitados."}
{"level":"error","message":"No se encontró los datos solicitados."}
{"level":"error","message":"No se encontró los datos solicitados."}
{"level":"error","message":"No se encontró los datos solicitados."}
{"level":"error","message":"Cannot read properties of undefined (reading 'role')"}
{"level":"error","message":"Error en la validación de datos."}
{"level":"error","message":"No se encontró los datos solicitados."}
{"level":"error","message":"Error en la validación de datos."}
{"level":"error","message":"No se encontró los datos solicitados."}
{"level":"error","message":"No se encontró los datos solicitados."}
{"level":"error","message":"Error en la validación de datos."}
{"level":"error","message":"No se encontró los datos solicitados."}
{"level":"error","message":"No se encontró los datos solicitados."}
{"level":"error","message":"No se encontró los datos solicitados."}
{"level":"error","message":"No se encontró los datos solicitados."}
{"level":"error","message":"Error en la validación de datos."}
{"level":"error","message":"No se encontró los datos solicitados."}
{"level":"error","message":"No se encontró los datos solicitados."}
{"level":"error","message":"Error en la validación de datos."}
{"level":"error","message":"No se encontró los datos solicitados."}
{"level":"error","message":"No se encontró los datos solicitados."}
{"level":"error","message":"No se encontró los datos solicitados."}
{"level":"error","message":"No se encontró los datos solicitados."}
{"level":"error","message":"No se encontró los datos solicitados."}
{"level":"error","message":"No se encontró los datos solicitados."}
{"level":"error","message":"No se encontró los datos solicitados."}
{"level":"error","message":"No se encontró los datos solicitados."}
{"level":"error","message":"No se encontró los datos solicitados."}
{"level":"error","message":"No se encontró los datos solicitados."}
{"level":"error","message":"Cannot read properties of undefined (reading 'role')"}
{"level":"error","message":"Cannot read properties of undefined (reading 'role')"}
{"level":"error","message":"Cannot read properties of undefined (reading 'role')"}
{"level":"error","message":"Cannot read properties of undefined (reading 'role')"}
{"level":"error","message":"Cannot read properties of undefined (reading 'role')"}
{"level":"error","message":"Cannot read properties of undefined (reading 'role')"}
{"level":"error","message":"Cannot read properties of undefined (reading 'role')"}
{"level":"error","message":"Cannot read properties of undefined (reading 'role')"}
{"level":"error","message":"Cannot read properties of undefined (reading 'role')"}
{"level":"error","message":"Cannot read properties of undefined (reading 'role')"}
{"level":"error","message":"Cannot read properties of undefined (reading 'role')"}
{"level":"error","message":"Cannot read properties of undefined (reading 'role')"}
{"level":"error","message":"Cannot read properties of undefined (reading 'role')"}
{"level":"error","message":"Cannot read properties of undefined (reading 'role')"}
{"level":"error","message":"Cannot read properties of undefined (reading 'role')"}
{"level":"error","message":"Cannot read properties of undefined (reading 'role')"}
{"level":"error","message":"Cannot read properties of undefined (reading 'role')"}
{"level":"error","message":"Cannot read properties of undefined (reading 'role')"}
{"level":"error","message":"Cannot read properties of undefined (reading 'role')"}
{"level":"error","message":"Error en la validación de datos."}
{"level":"error","message":"No se encontró los datos solicitados."}
{"level":"error","message":"No se encontró los datos solicitados."}
{"level":"error","message":"Cannot read properties of undefined (reading 'role')"}
{"level":"error","message":"Cannot read properties of undefined (reading 'role')"}
{"level":"error","message":"No se encontró los datos solicitados."}
{"level":"error","message":"No se encontró los datos solicitados."}
